---
  0 debug pnpm:scope: 
    selected: 1
    workspacePrefix: null
  1 info pnpm: 
    message: "A store server is running. All store manipulations are delegated to it."
    prefix: "/app"
  2 debug pnpm:package-json: 
    initial: 
      name: "bhss-admin"
      version: "1.0.2"
      description: "Bloomfield Hall Science Society"
      main: "server.js"
      scripts: 
        start: "node server.js"
        reset-db: "rm submissions.db 2> /dev/null || true && node server.js"
      dependencies: 
        express: "^4.17.1"
        nedb: "^1.8.0"
        express-session: "^1.17.1"
        bcryptjs: "^2.4.3"
        helmet: "3.21.2"
        express-rate-limit: "5.5.1"
      readme: "# Hello website!\n\nThis is a basic HTML starter project you can build on however you like. No need to save. While you develop your site, your changes will happen ✨ immediately in the preview window. On the left you'll see the files that make up your site, including HTML, JavaScript, and CSS. You can upload assets like images or audio in `assets`. The rest is up to you and your imagination. 🦄\n\n_Last updated: 28 Feb 2023_\n\n## What's in this project?\n\n← `README.md`: That's this file, where you can tell people what your cool website does and how you built it.\n\n← `index.html`: This is the main web page for your site. The HTML defines the structure and content of the page using _elements_. You'll see references in the HTML to the JS and CSS files. Try clicking the image in the center of the page!\n\n← `style.css`: CSS files add styling rules to your content. The CSS applies styles to the elements in your HTML page. The style rules also make the image move when you click it.\n\n← `script.js`: If you're feeling fancy you can add interactivity to your site with JavaScript. The code in the JavaScript file runs when the page loads, and when the visitor clicks the button you can add using the code in the TODO.\n\nOpen each file and check out the comments (in gray) for more info.\n\n## Try this next 🏗️\n\nTake a look in `TODO.md` for next steps you can try out in your new site!\n\n___Want a minimal version of this project to build your own website? Check out [Blank Website](https://glitch.com/edit/#!/remix/glitch-blank-website)!___\n\n## Ready to share your site?\n\nAdd these meta tags for SEO and social sharing between your page `<head></head>` tags, changing the values for your site:\n\n```\n<link rel=\"canonical\" href=\"https://glitch-hello-website.glitch.me/\" />\n<meta name=\"description\" content=\"A simple website, built with Glitch. Remix it to get your own.\"/>\n<meta name=\"robots\" content=\"index,follow\" />\n<meta property=\"og:title\" content=\"Hello World!\" />\n<meta property=\"og:type\" content=\"article\" />\n<meta property=\"og:url\" content=\"https://glitch-hello-website.glitch.me/\" />\n<meta property=\"og:description\" content=\"A simple website, built with Glitch. Remix it to get your own.\"/>\n<meta property=\"og:image\" content=\"https://cdn.glitch.com/605e2a51-d45f-4d87-a285-9410ad350515%2Fhello-website-social.png?v=1616712748147\"/>\n<meta name=\"twitter:card\" content=\"summary\" />\n```\n\n![Glitch](https://cdn.glitch.com/a9975ea6-8949-4bab-addb-8a95021dc2da%2FLogo_Color.svg?v=1602781328576)\n\n## You built this with Glitch!\n\n[Glitch](https://glitch.com) is a friendly community where millions of people come together to build web apps and websites.\n\n- Need more help? [Check out our Help Center](https://help.glitch.com/) for answers to any common questions.\n- Ready to make it official? [Become a paid Glitch member](https://glitch.com/pricing) to boost your app with private sharing, more storage and memory, domains and more.\n"
      readmeFilename: "README.md"
      gitHead: "928ed74ee2ea8ba2335ac04513a4b84acade3315"
      _id: "bhss-admin@1.0.2"
    prefix: "/app"
  3 warn pnpm: 
    message: "Moving express that was installed by a different package manager to \"node_modules/.ignored"
    prefix: "/app"
  4 error pnpm: 
    message: 
      errno: -39
      code: "ENOTEMPTY"
      syscall: "rename"
      path: "/rbd/pnpm-volume/87942ebb-4f4c-494c-ae2d-2ce4d0b6cefb/node_modules/express"
      dest: "/rbd/pnpm-volume/87942ebb-4f4c-494c-ae2d-2ce4d0b6cefb/node_modules/.ignored/express"
    err: 
      name: "Error"
      message: "ENOTEMPTY: directory not empty, rename '/rbd/pnpm-volume/87942ebb-4f4c-494c-ae2d-2ce4d0b6cefb/node_modules/express' -> '/rbd/pnpm-volume/87942ebb-4f4c-494c-ae2d-2ce4d0b6cefb/node_modules/.ignored/express'"
      code: "ENOTEMPTY"
      stack: "Error: ENOTEMPTY: directory not empty, rename '/rbd/pnpm-volume/87942ebb-4f4c-494c-ae2d-2ce4d0b6cefb/node_modules/express' -> '/rbd/pnpm-volume/87942ebb-4f4c-494c-ae2d-2ce4d0b6cefb/node_modules/.ignored/express'"
